0 info it worked if it ends with ok
1 verbose cli [ 'C:\\Program Files\\nodejs\\node.exe',
1 verbose cli   'C:\\Program Files\\nodejs\\node_modules\\npm\\bin\\npm-cli.js',
1 verbose cli   'publish' ]
2 info using npm@3.3.12
3 info using node@v5.3.0
4 verbose publish [ '.' ]
5 silly cache add args [ '.', null ]
6 verbose cache add spec .
7 silly cache add parsed spec Result {
7 silly cache add   raw: '.',
7 silly cache add   scope: null,
7 silly cache add   name: null,
7 silly cache add   rawSpec: '.',
7 silly cache add   spec: 'D:\\JS_FILES\\NodeJS\\node_modules\\x-iterable',
7 silly cache add   type: 'directory' }
8 verbose addLocalDirectory C:\Users\Master\AppData\Roaming\npm-cache\x-iterable\1.0.3\package.tgz not in flight; packing
9 info lifecycle x-iterable@1.0.3~prepublish: x-iterable@1.0.3
10 silly lifecycle x-iterable@1.0.3~prepublish: no script for prepublish, continuing
11 verbose tar pack [ 'C:\\Users\\Master\\AppData\\Roaming\\npm-cache\\x-iterable\\1.0.3\\package.tgz',
11 verbose tar pack   'D:\\JS_FILES\\NodeJS\\node_modules\\x-iterable' ]
12 verbose tarball C:\Users\Master\AppData\Roaming\npm-cache\x-iterable\1.0.3\package.tgz
13 verbose folder D:\JS_FILES\NodeJS\node_modules\x-iterable
14 verbose addLocalTarball adding from inside cache C:\Users\Master\AppData\Roaming\npm-cache\x-iterable\1.0.3\package.tgz
15 silly cache afterAdd x-iterable@1.0.3
16 verbose afterAdd C:\Users\Master\AppData\Roaming\npm-cache\x-iterable\1.0.3\package\package.json not in flight; writing
17 verbose afterAdd C:\Users\Master\AppData\Roaming\npm-cache\x-iterable\1.0.3\package\package.json written
18 silly publish { name: 'x-iterable',
18 silly publish   description: 'Extensible Iterable class creation utilities',
18 silly publish   version: '1.0.3',
18 silly publish   author: { name: 'Hoàng Văn Khải', email: 'hvksmr1996@gmail.com' },
18 silly publish   contributors: [ { name: 'Hoàng Văn Khải', email: 'hvksmr1996@gmail.com' } ],
18 silly publish   license: 'MIT',
18 silly publish   repository:
18 silly publish    { type: 'git',
18 silly publish      url: 'git+https://github.com/ksxnodemodules/x-iterable.git' },
18 silly publish   engines: { node: '>=5.0.0' },
18 silly publish   dependencies: { 'simple-class-utils': '>=0.0.4 <2.0.0' },
18 silly publish   files:
18 silly publish    [ 'index.js',
18 silly publish      'create-class.js',
18 silly publish      'deep-iterable.js',
18 silly publish      'root.js',
18 silly publish      'utils/',
18 silly publish      'test/' ],
18 silly publish   main: 'index.js',
18 silly publish   keywords:
18 silly publish    [ 'iterator',
18 silly publish      'iterable',
18 silly publish      'x-iterator',
18 silly publish      'x-iterable',
18 silly publish      'extensible-iterator',
18 silly publish      'extensible-iterable' ],
18 silly publish   bugs: { url: 'https://github.com/ksxnodemodules/x-iterable/issues' },
18 silly publish   homepage: 'https://github.com/ksxnodemodules/x-iterable#readme',
18 silly publish   scripts: { test: 'node --es-staging ./*.js' },
18 silly publish   tonicExampleFileName: './test/index.js',
18 silly publish   readme: '\r\n# Extensible Iterable class utilities\r\n\r\n## Requirements\r\n\r\nNode v5.0.0 or later\r\n - Flag `--es-staging` is required\r\n\r\n## Examples\r\n\r\n### Create an iterable class\r\n\r\n - Function: `createClass`\r\n\r\n - Usage: `createClass(optional class Super)`\r\n\r\n```javascript\r\nvar createClass = require(\'x-iterable\').createClass;\r\nvar base = createClass.fromGenerator(function * () {\r\n\tyield * "Hello, World!!";\r\n});\r\nvar Iterable = createClass(base);\r\nvar iterable = new Iterable();\r\nfor (let element of iterable) {\r\n\tconsole.log(element); // display each character of "Hello, World!!"\r\n}\r\n```\r\n\r\n### Find min, max of an iterable\r\n\r\n - Method: `get Iterable::max`, `get Iterable::min`\r\n\r\n*They\'re two applications of method `Iterable::most()`*\r\n\r\n```javascript\r\nvar SubSet = require(\'x-iterable\').createClass(Set);\r\nvar set = new SubSet(12, 3, -5, 6, 88, 1);\r\nconsole.log({\r\n\tmin: set.min,\r\n\tmax: set.max\r\n});\r\n```\r\n',
18 silly publish   readmeFilename: 'README.md',
18 silly publish   gitHead: '25c22334aea797220403ea5a14568a3f4e0876f4',
18 silly publish   _id: 'x-iterable@1.0.3',
18 silly publish   _shasum: 'abc46e39dd27aa5fbe0ac037e3636039749e20f8',
18 silly publish   _from: '.' }
19 verbose getPublishConfig undefined
20 silly mapToRegistry name x-iterable
21 silly mapToRegistry using default registry
22 silly mapToRegistry registry https://registry.npmjs.org/
23 silly mapToRegistry uri https://registry.npmjs.org/x-iterable
24 verbose publish registryBase https://registry.npmjs.org/
25 silly publish uploading C:\Users\Master\AppData\Roaming\npm-cache\x-iterable\1.0.3\package.tgz
26 verbose request uri https://registry.npmjs.org/x-iterable
27 verbose request sending authorization for write operation
28 info attempt registry request try #1 at 23:33:50
29 verbose request using bearer token for auth
30 verbose request id 2c0ca4f1f3cc7a1f
31 http request PUT https://registry.npmjs.org/x-iterable
32 http 403 https://registry.npmjs.org/x-iterable
33 verbose headers { 'content-type': 'application/json',
33 verbose headers   'cache-control': 'max-age=300',
33 verbose headers   'content-length': '95',
33 verbose headers   'accept-ranges': 'bytes',
33 verbose headers   date: 'Sat, 26 Dec 2015 16:34:05 GMT',
33 verbose headers   via: '1.1 varnish',
33 verbose headers   connection: 'keep-alive',
33 verbose headers   'x-served-by': 'cache-hkg6820-HKG',
33 verbose headers   'x-cache': 'MISS',
33 verbose headers   'x-cache-hits': '0',
33 verbose headers   'x-timer': 'S1451147645.007000,VS0,VE829' }
34 verbose request invalidating C:\Users\Master\AppData\Roaming\npm-cache\registry.npmjs.org\x-iterable on PUT
35 error publish Failed PUT 403
36 verbose stack Error: "You cannot publish over the previously published version 1.0.3." : x-iterable
36 verbose stack     at makeError (C:\Program Files\nodejs\node_modules\npm\node_modules\npm-registry-client\lib\request.js:264:12)
36 verbose stack     at CachingRegistryClient.<anonymous> (C:\Program Files\nodejs\node_modules\npm\node_modules\npm-registry-client\lib\request.js:252:14)
36 verbose stack     at Request._callback (C:\Program Files\nodejs\node_modules\npm\node_modules\npm-registry-client\lib\request.js:172:14)
36 verbose stack     at Request.self.callback (C:\Program Files\nodejs\node_modules\npm\node_modules\request\request.js:198:22)
36 verbose stack     at emitTwo (events.js:87:13)
36 verbose stack     at Request.emit (events.js:172:7)
36 verbose stack     at Request.<anonymous> (C:\Program Files\nodejs\node_modules\npm\node_modules\request\request.js:1082:10)
36 verbose stack     at emitOne (events.js:82:20)
36 verbose stack     at Request.emit (events.js:169:7)
36 verbose stack     at IncomingMessage.<anonymous> (C:\Program Files\nodejs\node_modules\npm\node_modules\request\request.js:1009:12)
37 verbose statusCode 403
38 verbose pkgid x-iterable
39 verbose cwd D:\JS_FILES\NodeJS\node_modules\x-iterable
40 error Windows_NT 10.0.10240
41 error argv "C:\\Program Files\\nodejs\\node.exe" "C:\\Program Files\\nodejs\\node_modules\\npm\\bin\\npm-cli.js" "publish"
42 error node v5.3.0
43 error npm  v3.3.12
44 error code E403
45 error "You cannot publish over the previously published version 1.0.3." : x-iterable
46 error If you need help, you may report this error at:
46 error     <https://github.com/npm/npm/issues>
47 verbose exit [ 1, true ]
